Debug|Reading config...
Debug|Reading referenced images from 'C:\Users\foosa\Downloads\TROLL\TROLL'
Trace|Loading resources for 2 'Background'
Trace|Loading resources for 2.1 'ImageBasic'
Trace|Loading image 0...
Trace|Image was loaded from file C:\Users\foosa\Downloads\TROLL\TROLL\0000.png
Trace|Loading resources for 2.3 'ImageBasic'
Trace|Loading image 67...
Trace|Image was loaded from file C:\Users\foosa\Downloads\TROLL\TROLL\0067.png
Trace|Loading resources for 3 'Time'
Trace|Loading resources for 3.1 'TwoDigits'
Trace|Loading resources for 3.1.1 'ImageSet'
Trace|Loading image 1...
Trace|Image was loaded from file C:\Users\foosa\Downloads\TROLL\TROLL\0001.png
Trace|Loading image 2...
Trace|Image was loaded from file C:\Users\foosa\Downloads\TROLL\TROLL\0002.png
Trace|Loading image 3...
Trace|Image was loaded from file C:\Users\foosa\Downloads\TROLL\TROLL\0003.png
Trace|Loading image 4...
Trace|Image was loaded from file C:\Users\foosa\Downloads\TROLL\TROLL\0004.png
Trace|Loading image 5...
Trace|Image was loaded from file C:\Users\foosa\Downloads\TROLL\TROLL\0005.png
Trace|Loading image 6...
Trace|Image was loaded from file C:\Users\foosa\Downloads\TROLL\TROLL\0006.png
Trace|Loading image 7...
Trace|Image was loaded from file C:\Users\foosa\Downloads\TROLL\TROLL\0007.png
Trace|Loading image 8...
Trace|Image was loaded from file C:\Users\foosa\Downloads\TROLL\TROLL\0008.png
Trace|Loading image 9...
Trace|Image was loaded from file C:\Users\foosa\Downloads\TROLL\TROLL\0009.png
Trace|Loading image 10...
Trace|Image was loaded from file C:\Users\foosa\Downloads\TROLL\TROLL\0010.png
Trace|Loading resources for 3.1.2 'ImageSet'
Trace|Loading resources for 3.2 'TwoDigits'
Trace|Loading resources for 3.2.1 'ImageSet'
Trace|Loading resources for 3.2.2 'ImageSet'
Trace|Loading resources for 4 'Activity'
Trace|Loading resources for 4.1 'Steps'
Trace|Loading resources for 4.1.1 'Number'
Trace|Loading resources for 4.1.1.5 'TextAlignment'
Trace|Loading image 31...
Trace|Image was loaded from file C:\Users\foosa\Downloads\TROLL\TROLL\0031.png
Trace|Loading image 32...
Trace|Image was loaded from file C:\Users\foosa\Downloads\TROLL\TROLL\0032.png
Trace|Loading image 33...
Trace|Image was loaded from file C:\Users\foosa\Downloads\TROLL\TROLL\0033.png
Trace|Loading image 34...
Trace|Image was loaded from file C:\Users\foosa\Downloads\TROLL\TROLL\0034.png
Trace|Loading image 35...
Trace|Image was loaded from file C:\Users\foosa\Downloads\TROLL\TROLL\0035.png
Trace|Loading image 36...
Trace|Image was loaded from file C:\Users\foosa\Downloads\TROLL\TROLL\0036.png
Trace|Loading image 37...
Trace|Image was loaded from file C:\Users\foosa\Downloads\TROLL\TROLL\0037.png
Trace|Loading image 38...
Trace|Image was loaded from file C:\Users\foosa\Downloads\TROLL\TROLL\0038.png
Trace|Loading image 39...
Trace|Image was loaded from file C:\Users\foosa\Downloads\TROLL\TROLL\0039.png
Trace|Loading image 40...
Trace|Image was loaded from file C:\Users\foosa\Downloads\TROLL\TROLL\0040.png
Trace|Loading image 52...
Trace|Image was loaded from file C:\Users\foosa\Downloads\TROLL\TROLL\0052.png
Trace|Loading resources for 4.4 'PulseWrapper'
Trace|Loading resources for 4.4.1 'Number'
Trace|Loading resources for 4.4.1.5 'TextAlignment'
Trace|Loading resources for 5 'Date'
Trace|Loading resources for 5.1 'MonthAndDayAndYear'
Trace|Loading resources for 5.1.1 'SeparateMonthAndDay'
Trace|Loading resources for 5.1.1.1 'Number'
Trace|Loading resources for 5.1.1.1.5 'TextAlignment'
Trace|Loading image 11...
Trace|Image was loaded from file C:\Users\foosa\Downloads\TROLL\TROLL\0011.png
Trace|Loading image 12...
Trace|Image was loaded from file C:\Users\foosa\Downloads\TROLL\TROLL\0012.png
Trace|Loading image 13...
Trace|Image was loaded from file C:\Users\foosa\Downloads\TROLL\TROLL\0013.png
Trace|Loading image 14...
Trace|Image was loaded from file C:\Users\foosa\Downloads\TROLL\TROLL\0014.png
Trace|Loading image 15...
Trace|Image was loaded from file C:\Users\foosa\Downloads\TROLL\TROLL\0015.png
Trace|Loading image 16...
Trace|Image was loaded from file C:\Users\foosa\Downloads\TROLL\TROLL\0016.png
Trace|Loading image 17...
Trace|Image was loaded from file C:\Users\foosa\Downloads\TROLL\TROLL\0017.png
Trace|Loading image 18...
Trace|Image was loaded from file C:\Users\foosa\Downloads\TROLL\TROLL\0018.png
Trace|Loading image 19...
Trace|Image was loaded from file C:\Users\foosa\Downloads\TROLL\TROLL\0019.png
Trace|Loading image 20...
Trace|Image was loaded from file C:\Users\foosa\Downloads\TROLL\TROLL\0020.png
Trace|Loading resources for 5.1.1.4 'Number'
Trace|Loading resources for 5.1.1.4.5 'TextAlignment'
Trace|Loading resources for 5.1.4 'Boolean'
Trace|Loading resources for 5.1.5 'Boolean'
Trace|Loading resources for 5.4 'ImageSet'
Trace|Loading image 21...
Trace|Image was loaded from file C:\Users\foosa\Downloads\TROLL\TROLL\0021.png
Trace|Loading image 22...
Trace|Image was loaded from file C:\Users\foosa\Downloads\TROLL\TROLL\0022.png
Trace|Loading image 23...
Trace|Image was loaded from file C:\Users\foosa\Downloads\TROLL\TROLL\0023.png
Trace|Loading image 24...
Trace|Image was loaded from file C:\Users\foosa\Downloads\TROLL\TROLL\0024.png
Trace|Loading image 25...
Trace|Image was loaded from file C:\Users\foosa\Downloads\TROLL\TROLL\0025.png
Trace|Loading image 26...
Trace|Image was loaded from file C:\Users\foosa\Downloads\TROLL\TROLL\0026.png
Trace|Loading image 27...
Trace|Image was loaded from file C:\Users\foosa\Downloads\TROLL\TROLL\0027.png
Trace|Loading resources for 9 'Battery'
Trace|Loading resources for 9.1 'BatteryTextWrapper'
Trace|Loading resources for 9.1.1 'Number'
Trace|Loading resources for 9.1.1.5 'TextAlignment'
Trace|Loading image 41...
Trace|Image was loaded from file C:\Users\foosa\Downloads\TROLL\TROLL\0041.png
Trace|Loading resources for 9.2 'ImageSet'
Trace|Loading image 42...
Trace|Image was loaded from file C:\Users\foosa\Downloads\TROLL\TROLL\0042.png
Trace|Loading image 43...
Trace|Image was loaded from file C:\Users\foosa\Downloads\TROLL\TROLL\0043.png
Trace|Loading image 44...
Trace|Image was loaded from file C:\Users\foosa\Downloads\TROLL\TROLL\0044.png
Trace|Loading image 45...
Trace|Image was loaded from file C:\Users\foosa\Downloads\TROLL\TROLL\0045.png
Trace|Loading image 46...
Trace|Image was loaded from file C:\Users\foosa\Downloads\TROLL\TROLL\0046.png
Trace|Loading image 47...
Trace|Image was loaded from file C:\Users\foosa\Downloads\TROLL\TROLL\0047.png
Trace|Loading image 48...
Trace|Image was loaded from file C:\Users\foosa\Downloads\TROLL\TROLL\0048.png
Trace|Loading image 49...
Trace|Image was loaded from file C:\Users\foosa\Downloads\TROLL\TROLL\0049.png
Trace|Loading image 50...
Trace|Image was loaded from file C:\Users\foosa\Downloads\TROLL\TROLL\0050.png
Trace|Loading image 51...
Trace|Image was loaded from file C:\Users\foosa\Downloads\TROLL\TROLL\0051.png
Trace|Loading resources for 11 'Other'
Trace|Loading resources for 11.1 'Animation'
Trace|Loading resources for 11.1.1 'ImageSet'
Trace|Loading image 53...
Trace|Image was loaded from file C:\Users\foosa\Downloads\TROLL\TROLL\0053.png
Trace|Loading image 54...
Trace|Image was loaded from file C:\Users\foosa\Downloads\TROLL\TROLL\0054.png
Trace|Loading image 55...
Trace|Image was loaded from file C:\Users\foosa\Downloads\TROLL\TROLL\0055.png
Trace|Loading image 56...
Trace|Image was loaded from file C:\Users\foosa\Downloads\TROLL\TROLL\0056.png
Trace|Loading image 57...
Trace|Image was loaded from file C:\Users\foosa\Downloads\TROLL\TROLL\0057.png
Trace|Loading image 58...
Trace|Image was loaded from file C:\Users\foosa\Downloads\TROLL\TROLL\0058.png
Trace|Loading image 59...
Trace|Image was loaded from file C:\Users\foosa\Downloads\TROLL\TROLL\0059.png
Trace|Loading image 60...
Trace|Image was loaded from file C:\Users\foosa\Downloads\TROLL\TROLL\0060.png
Trace|Loading image 61...
Trace|Image was loaded from file C:\Users\foosa\Downloads\TROLL\TROLL\0061.png
Trace|Loading image 62...
Trace|Image was loaded from file C:\Users\foosa\Downloads\TROLL\TROLL\0062.png
Trace|Loading image 63...
Trace|Image was loaded from file C:\Users\foosa\Downloads\TROLL\TROLL\0063.png
Trace|Loading image 64...
Trace|Image was loaded from file C:\Users\foosa\Downloads\TROLL\TROLL\0064.png
Trace|Loading image 65...
Trace|Image was loaded from file C:\Users\foosa\Downloads\TROLL\TROLL\0065.png
Trace|Loading image 66...
Trace|Image was loaded from file C:\Users\foosa\Downloads\TROLL\TROLL\0066.png
Trace|Loading resources for 20 'StatusSimple'
Trace|Loading resources for 20.1 'StatusSimpleSpecial'
Trace|Loading resources for 20.1.1 'StatusNumber'
Trace|Loading resources for 20.1.1.3 'TextAlignment'
Trace|Loading image 29...
Trace|Image was loaded from file C:\Users\foosa\Downloads\TROLL\TROLL\0029.png
Trace|Loading resources for 20.2 'StatusSimpleSpecial'
Trace|Loading resources for 20.2.1 'StatusNumber'
Trace|Loading resources for 20.2.1.3 'TextAlignment'
Trace|Loading image 30...
Trace|Image was loaded from file C:\Users\foosa\Downloads\TROLL\TROLL\0030.png
Trace|Loading resources for 20.3 'StatusSimpleSpecial'
Trace|Loading resources for 20.3.1 'StatusNumber'
Trace|Loading resources for 20.3.1.3 'TextAlignment'
Trace|Loading image 28...
Trace|Image was loaded from file C:\Users\foosa\Downloads\TROLL\TROLL\0028.png
Trace|Verifiying Resources...
Trace|Building parameters for watch face...
Trace|2.1.1 'X': 0
Trace|2.1.2 'Y': 0
Trace|2.1.3 'ImageIndex': 0
Trace|2.1 'Image'
Trace|2.3.1 'X': 18
Trace|2.3.2 'Y': 17
Trace|2.3.3 'ImageIndex': 67
Trace|2.3 'Preview1'
Trace|2 'Background'
Trace|3.1.1.1 'X': 8
Trace|3.1.1.2 'Y': 51
Trace|3.1.1.3 'ImageIndex': 1
Trace|3.1.1.4 'ImagesCount': 10
Trace|3.1.1 'Tens'
Trace|3.1.2.1 'X': 33
Trace|3.1.2.2 'Y': 51
Trace|3.1.2.3 'ImageIndex': 1
Trace|3.1.2.4 'ImagesCount': 10
Trace|3.1.2 'Ones'
Trace|3.1 'Hours'
Trace|3.2.1.1 'X': 68
Trace|3.2.1.2 'Y': 51
Trace|3.2.1.3 'ImageIndex': 1
Trace|3.2.1.4 'ImagesCount': 10
Trace|3.2.1 'Tens'
Trace|3.2.2.1 'X': 93
Trace|3.2.2.2 'Y': 51
Trace|3.2.2.3 'ImageIndex': 1
Trace|3.2.2.4 'ImagesCount': 10
Trace|3.2.2 'Ones'
Trace|3.2 'Minutes'
Trace|3.11 'UnknownV11': 0
Trace|3 'Time'
Trace|4.1.1.1 'TopLeftX': 0
Trace|4.1.1.2 'TopLeftY': 275
Trace|4.1.1.3 'BottomRightX': 80
Trace|4.1.1.4 'BottomRightY': 294
Trace|4.1.1.5 'Alignment': 72
Trace|4.1.1.6 'SpacingX': 1
Trace|4.1.1.7 'SpacingY': 0
Trace|4.1.1.8 'ImageIndex': 31
Trace|4.1.1.9 'ImagesCount': 10
Trace|4.1.1 'Number'
Trace|4.1.2 'PrefixImageIndex': 52
Trace|4.1 'Steps'
Trace|4.4.1.1 'TopLeftX': 70
Trace|4.4.1.2 'TopLeftY': 275
Trace|4.4.1.3 'BottomRightX': 126
Trace|4.4.1.4 'BottomRightY': 294
Trace|4.4.1.5 'Alignment': 72
Trace|4.4.1.6 'SpacingX': 0
Trace|4.4.1.7 'SpacingY': 0
Trace|4.4.1.8 'ImageIndex': 31
Trace|4.4.1.9 'ImagesCount': 10
Trace|4.4.1 'Number'
Trace|4.4.2 'PrefixImageIndex': 67
Trace|4.4.3 'NoDataImageIndex': 31
Trace|4.4 'Pulse'
Trace|4.7 'UnknownV7': 0
Trace|4 'Activity'
Trace|5.1.1.1.1 'TopLeftX': 70
Trace|5.1.1.1.2 'TopLeftY': 91
Trace|5.1.1.1.3 'BottomRightX': 100
Trace|5.1.1.1.4 'BottomRightY': 100
Trace|5.1.1.1.5 'Alignment': 18
Trace|5.1.1.1.6 'SpacingX': 0
Trace|5.1.1.1.7 'SpacingY': 0
Trace|5.1.1.1.8 'ImageIndex': 11
Trace|5.1.1.1.9 'ImagesCount': 10
Trace|5.1.1.1 'Month'
Trace|5.1.1.4.1 'TopLeftX': 20
Trace|5.1.1.4.2 'TopLeftY': 91
Trace|5.1.1.4.3 'BottomRightX': 100
Trace|5.1.1.4.4 'BottomRightY': 100
Trace|5.1.1.4.5 'Alignment': 18
Trace|5.1.1.4.6 'SpacingX': 0
Trace|5.1.1.4.7 'SpacingY': 0
Trace|5.1.1.4.8 'ImageIndex': 11
Trace|5.1.1.4.9 'ImagesCount': 10
Trace|5.1.1.4 'Day'
Trace|5.1.1 'Separate'
Trace|5.1.4 'TwoDigitsMonth': 1
Trace|5.1.5 'TwoDigitsDay': 1
Trace|5.1 'MonthAndDayAndYear'
Trace|5.4.1 'X': 5
Trace|5.4.2 'Y': 27
Trace|5.4.3 'ImageIndex': 21
Trace|5.4.4 'ImagesCount': 7
Trace|5.4 'ENWeekDays'
Trace|5 'Date'
Trace|9.1.1.1 'TopLeftX': 63
Trace|9.1.1.2 'TopLeftY': 4
Trace|9.1.1.3 'BottomRightX': 99
Trace|9.1.1.4 'BottomRightY': 30
Trace|9.1.1.5 'Alignment': 20
Trace|9.1.1.6 'SpacingX': 1
Trace|9.1.1.7 'SpacingY': 0
Trace|9.1.1.8 'ImageIndex': 31
Trace|9.1.1.9 'ImagesCount': 10
Trace|9.1.1 'Coordinates'
Trace|9.1.4 'SuffixImageIndex': 41
Trace|9.1 'BatteryText'
Trace|9.2.1 'X': 103
Trace|9.2.2 'Y': 4
Trace|9.2.3 'ImageIndex': 42
Trace|9.2.4 'ImagesCount': 10
Trace|9.2 'BatteryIcon'
Trace|9 'Battery'
Trace|11.1 'Animation'
Trace|11.1.1.1 'X': 0
Trace|11.1.1.2 'Y': 130
Trace|11.1.1.3 'ImageIndex': 53
Trace|11.1.1.4 'ImagesCount': 14
Trace|11.1.1 'AnimationImages'
Trace|11.1.2 'Speed': 4
Trace|11.1.3 'RepeatCount': 6
Trace|11.1.4 'UnknownTF4': 0
Trace|11 'Other'
Trace|20.1.1.1 'X': 36
Trace|20.1.1.2 'Y': 4
Trace|20.1.1.3 'Alignment': 16
Trace|20.1.1.4 'Unknown4': 300
Trace|20.1.1.5 'Unknown5': 600
Trace|20.1.1 'StatusImage'
Trace|20.1.2 'ImageIndexOn': 29
Trace|20.1 'DoNotDisturb'
Trace|20.2.1.1 'X': 19
Trace|20.2.1.2 'Y': 4
Trace|20.2.1.3 'Alignment': 16
Trace|20.2.1.4 'Unknown4': 300
Trace|20.2.1.5 'Unknown5': 600
Trace|20.2.1 'StatusImage'
Trace|20.2.3 'ImageIndexOff': 30
Trace|20.2 'Lock'
Trace|20.3.1.1 'X': 4
Trace|20.3.1.2 'Y': 4
Trace|20.3.1.3 'Alignment': 16
Trace|20.3.1.4 'Unknown4': 300
Trace|20.3.1.5 'Unknown5': 600
Trace|20.3.1 'StatusImage'
Trace|20.3.2 'ImageIndexOn': 28
Trace|20.3 'Bluetooth'
Trace|20 'StatusSimplified'
Debug|Generating previews...
Debug|Writing watch face to 'C:\Users\foosa\Downloads\TROLL\TROLL\trollface_packed.bin'
Trace|Encoding parameters...
Trace|Parameter: 2
Trace|1 (0A):
Trace|    1 (08): 0 (00)
Trace|    2 (10): 0 (00)
Trace|    3 (18): 0 (00)
Trace|8 bytes
Trace|3 (1A):
Trace|    1 (08): 18 (12)
Trace|    2 (10): 17 (11)
Trace|    3 (18): 67 (43)
Trace|8 bytes
Trace|Parameter: 3
Trace|1 (0A):
Trace|    1 (0A):
Trace|        1 (08): 8 (08)
Trace|        2 (10): 51 (33)
Trace|        3 (18): 1 (01)
Trace|        4 (20): 10 (0A)
Trace|    10 bytes
Trace|    2 (12):
Trace|        1 (08): 33 (21)
Trace|        2 (10): 51 (33)
Trace|        3 (18): 1 (01)
Trace|        4 (20): 10 (0A)
Trace|    10 bytes
Trace|22 bytes
Trace|2 (12):
Trace|    1 (0A):
Trace|        1 (08): 68 (44)
Trace|        2 (10): 51 (33)
Trace|        3 (18): 1 (01)
Trace|        4 (20): 10 (0A)
Trace|    10 bytes
Trace|    2 (12):
Trace|        1 (08): 93 (5D)
Trace|        2 (10): 51 (33)
Trace|        3 (18): 1 (01)
Trace|        4 (20): 10 (0A)
Trace|    10 bytes
Trace|22 bytes
Trace|11 (58): 0 (00)
Trace|Parameter: 4
Trace|1 (0A):
Trace|    1 (0A):
Trace|        1 (08): 0 (00)
Trace|        2 (10): 275 (113)
Trace|        3 (18): 80 (50)
Trace|        4 (20): 294 (126)
Trace|        5 (28): 72 (48)
Trace|        6 (30): 1 (01)
Trace|        7 (38): 0 (00)
Trace|        8 (40): 31 (1F)
Trace|        9 (48): 10 (0A)
Trace|    22 bytes
Trace|    2 (10): 52 (34)
Trace|26 bytes
Trace|4 (22):
Trace|    1 (0A):
Trace|        1 (08): 70 (46)
Trace|        2 (10): 275 (113)
Trace|        3 (18): 126 (7E)
Trace|        4 (20): 294 (126)
Trace|        5 (28): 72 (48)
Trace|        6 (30): 0 (00)
Trace|        7 (38): 0 (00)
Trace|        8 (40): 31 (1F)
Trace|        9 (48): 10 (0A)
Trace|    22 bytes
Trace|    2 (10): 67 (43)
Trace|    3 (18): 31 (1F)
Trace|28 bytes
Trace|7 (38): 0 (00)
Trace|Parameter: 5
Trace|1 (0A):
Trace|    1 (0A):
Trace|        1 (0A):
Trace|            1 (08): 70 (46)
Trace|            2 (10): 91 (5B)
Trace|            3 (18): 100 (64)
Trace|            4 (20): 100 (64)
Trace|            5 (28): 18 (12)
Trace|            6 (30): 0 (00)
Trace|            7 (38): 0 (00)
Trace|            8 (40): 11 (0B)
Trace|            9 (48): 10 (0A)
Trace|        20 bytes
Trace|        4 (22):
Trace|            1 (08): 20 (14)
Trace|            2 (10): 91 (5B)
Trace|            3 (18): 100 (64)
Trace|            4 (20): 100 (64)
Trace|            5 (28): 18 (12)
Trace|            6 (30): 0 (00)
Trace|            7 (38): 0 (00)
Trace|            8 (40): 11 (0B)
Trace|            9 (48): 10 (0A)
Trace|        20 bytes
Trace|    42 bytes
Trace|    4 (20): 1 (01)
Trace|    5 (28): 1 (01)
Trace|48 bytes
Trace|4 (22):
Trace|    1 (08): 5 (05)
Trace|    2 (10): 27 (1B)
Trace|    3 (18): 21 (15)
Trace|    4 (20): 7 (07)
Trace|10 bytes
Trace|Parameter: 9
Trace|1 (0A):
Trace|    1 (0A):
Trace|        1 (08): 63 (3F)
Trace|        2 (10): 4 (04)
Trace|        3 (18): 99 (63)
Trace|        4 (20): 30 (1E)
Trace|        5 (28): 20 (14)
Trace|        6 (30): 1 (01)
Trace|        7 (38): 0 (00)
Trace|        8 (40): 31 (1F)
Trace|        9 (48): 10 (0A)
Trace|    20 bytes
Trace|    4 (20): 41 (29)
Trace|24 bytes
Trace|2 (12):
Trace|    1 (08): 103 (67)
Trace|    2 (10): 4 (04)
Trace|    3 (18): 42 (2A)
Trace|    4 (20): 10 (0A)
Trace|10 bytes
Trace|Parameter: 11
Trace|1 (0A):
Trace|    1 (0A):
Trace|        1 (08): 0 (00)
Trace|        2 (10): 130 (82)
Trace|        3 (18): 53 (35)
Trace|        4 (20): 14 (0E)
Trace|    11 bytes
Trace|    2 (10): 4 (04)
Trace|    3 (18): 6 (06)
Trace|    4 (20): 0 (00)
Trace|19 bytes
Trace|Parameter: 20
Trace|1 (0A):
Trace|    1 (0A):
Trace|        1 (08): 36 (24)
Trace|        2 (10): 4 (04)
Trace|        3 (18): 16 (10)
Trace|        4 (20): 300 (12C)
Trace|        5 (28): 600 (258)
Trace|    14 bytes
Trace|    2 (10): 29 (1D)
Trace|18 bytes
Trace|2 (12):
Trace|    1 (0A):
Trace|        1 (08): 19 (13)
Trace|        2 (10): 4 (04)
Trace|        3 (18): 16 (10)
Trace|        4 (20): 300 (12C)
Trace|        5 (28): 600 (258)
Trace|    14 bytes
Trace|    3 (18): 30 (1E)
Trace|18 bytes
Trace|3 (1A):
Trace|    1 (0A):
Trace|        1 (08): 4 (04)
Trace|        2 (10): 4 (04)
Trace|        3 (18): 16 (10)
Trace|        4 (20): 300 (12C)
Trace|        5 (28): 600 (258)
Trace|    14 bytes
Trace|    2 (10): 28 (1C)
Trace|18 bytes
Trace|Encoding offsets and lengths...
Trace|1 (0A):
Trace|    1 (08): 283 (11B)
Trace|    2 (10): 68 (44)
Trace|7 bytes
Trace|2 (12):
Trace|    1 (08): 0 (00)
Trace|    2 (10): 16 (10)
Trace|6 bytes
Trace|3 (1A):
Trace|    1 (08): 16 (10)
Trace|    2 (10): 46 (2E)
Trace|6 bytes
Trace|4 (22):
Trace|    1 (08): 62 (3E)
Trace|    2 (10): 56 (38)
Trace|6 bytes
Trace|5 (2A):
Trace|    1 (08): 118 (76)
Trace|    2 (10): 58 (3A)
Trace|6 bytes
Trace|9 (4A):
Trace|    1 (08): 176 (B0)
Trace|    2 (10): 34 (22)
Trace|7 bytes
Trace|11 (5A):
Trace|    1 (08): 210 (D2)
Trace|    2 (10): 19 (13)
Trace|7 bytes
Info|[WARNING] Decompiling proccess, PUSHED important bit. id:20
Trace|20 (A2):
Trace|    1 (08): 229 (E5)
Trace|    2 (10): 54 (36)
Trace|8 bytes
Trace|Writing header...
Trace|Writing parameters offsets and lengths...
Trace|Writing parameters...
Trace|Writing images...
Trace|Resource 0 offset is 0...
Debug|Encoding resource 0...
Trace|Writing image in Raw mode
Trace|No Transparency image...
Trace|Writing image header...
Trace|Width: 126, Height: 294, RowLength: 252
Trace|BPP: 16, PaletteColors: 0, Transaparency: 0
Trace|Writing image...
Trace|Resource 1 offset is 74104...
Debug|Encoding resource 1...
Trace|Writing image in Raw mode
Trace|Transparency image...
Trace|Writing image header...
Trace|Width: 27, Height: 27, RowLength: 81
Trace|BPP: 24, PaletteColors: 0, Transaparency: 0
Trace|Resource 2 offset is 76307...
Debug|Encoding resource 2...
Trace|Writing image in Raw mode
Trace|Transparency image...
Trace|Writing image header...
Trace|Width: 27, Height: 27, RowLength: 81
Trace|BPP: 24, PaletteColors: 0, Transaparency: 0
Trace|Resource 3 offset is 78510...
Debug|Encoding resource 3...
Trace|Writing image in Raw mode
Trace|Transparency image...
Trace|Writing image header...
Trace|Width: 27, Height: 27, RowLength: 81
Trace|BPP: 24, PaletteColors: 0, Transaparency: 0
Trace|Resource 4 offset is 80713...
Debug|Encoding resource 4...
Trace|Writing image in Raw mode
Trace|Transparency image...
Trace|Writing image header...
Trace|Width: 27, Height: 27, RowLength: 81
Trace|BPP: 24, PaletteColors: 0, Transaparency: 0
Trace|Resource 5 offset is 82916...
Debug|Encoding resource 5...
Trace|Writing image in Raw mode
Trace|Transparency image...
Trace|Writing image header...
Trace|Width: 27, Height: 27, RowLength: 81
Trace|BPP: 24, PaletteColors: 0, Transaparency: 0
Trace|Resource 6 offset is 85119...
Debug|Encoding resource 6...
Trace|Writing image in Raw mode
Trace|Transparency image...
Trace|Writing image header...
Trace|Width: 27, Height: 27, RowLength: 81
Trace|BPP: 24, PaletteColors: 0, Transaparency: 0
Trace|Resource 7 offset is 87322...
Debug|Encoding resource 7...
Trace|Writing image in Raw mode
Trace|Transparency image...
Trace|Writing image header...
Trace|Width: 27, Height: 27, RowLength: 81
Trace|BPP: 24, PaletteColors: 0, Transaparency: 0
Trace|Resource 8 offset is 89525...
Debug|Encoding resource 8...
Trace|Writing image in Raw mode
Trace|Transparency image...
Trace|Writing image header...
Trace|Width: 27, Height: 27, RowLength: 81
Trace|BPP: 24, PaletteColors: 0, Transaparency: 0
Trace|Resource 9 offset is 91728...
Debug|Encoding resource 9...
Trace|Writing image in Raw mode
Trace|Transparency image...
Trace|Writing image header...
Trace|Width: 27, Height: 27, RowLength: 81
Trace|BPP: 24, PaletteColors: 0, Transaparency: 0
Trace|Resource 10 offset is 93931...
Debug|Encoding resource 10...
Trace|Writing image in Raw mode
Trace|Transparency image...
Trace|Writing image header...
Trace|Width: 27, Height: 27, RowLength: 81
Trace|BPP: 24, PaletteColors: 0, Transaparency: 0
Trace|Resource 11 offset is 96134...
Debug|Encoding resource 11...
Trace|Writing image in Raw mode
Trace|Transparency image...
Trace|Writing image header...
Trace|Width: 17, Height: 17, RowLength: 51
Trace|BPP: 24, PaletteColors: 0, Transaparency: 0
Trace|Resource 12 offset is 97017...
Debug|Encoding resource 12...
Trace|Writing image in Raw mode
Trace|Transparency image...
Trace|Writing image header...
Trace|Width: 17, Height: 17, RowLength: 51
Trace|BPP: 24, PaletteColors: 0, Transaparency: 0
Trace|Resource 13 offset is 97900...
Debug|Encoding resource 13...
Trace|Writing image in Raw mode
Trace|Transparency image...
Trace|Writing image header...
Trace|Width: 17, Height: 17, RowLength: 51
Trace|BPP: 24, PaletteColors: 0, Transaparency: 0
Trace|Resource 14 offset is 98783...
Debug|Encoding resource 14...
Trace|Writing image in Raw mode
Trace|Transparency image...
Trace|Writing image header...
Trace|Width: 17, Height: 17, RowLength: 51
Trace|BPP: 24, PaletteColors: 0, Transaparency: 0
Trace|Resource 15 offset is 99666...
Debug|Encoding resource 15...
Trace|Writing image in Raw mode
Trace|Transparency image...
Trace|Writing image header...
Trace|Width: 17, Height: 17, RowLength: 51
Trace|BPP: 24, PaletteColors: 0, Transaparency: 0
Trace|Resource 16 offset is 100549...
Debug|Encoding resource 16...
Trace|Writing image in Raw mode
Trace|Transparency image...
Trace|Writing image header...
Trace|Width: 17, Height: 17, RowLength: 51
Trace|BPP: 24, PaletteColors: 0, Transaparency: 0
Trace|Resource 17 offset is 101432...
Debug|Encoding resource 17...
Trace|Writing image in Raw mode
Trace|Transparency image...
Trace|Writing image header...
Trace|Width: 17, Height: 17, RowLength: 51
Trace|BPP: 24, PaletteColors: 0, Transaparency: 0
Trace|Resource 18 offset is 102315...
Debug|Encoding resource 18...
Trace|Writing image in Raw mode
Trace|Transparency image...
Trace|Writing image header...
Trace|Width: 17, Height: 17, RowLength: 51
Trace|BPP: 24, PaletteColors: 0, Transaparency: 0
Trace|Resource 19 offset is 103198...
Debug|Encoding resource 19...
Trace|Writing image in Raw mode
Trace|Transparency image...
Trace|Writing image header...
Trace|Width: 17, Height: 17, RowLength: 51
Trace|BPP: 24, PaletteColors: 0, Transaparency: 0
Trace|Resource 20 offset is 104081...
Debug|Encoding resource 20...
Trace|Writing image in Raw mode
Trace|Transparency image...
Trace|Writing image header...
Trace|Width: 17, Height: 17, RowLength: 51
Trace|BPP: 24, PaletteColors: 0, Transaparency: 0
Trace|Resource 21 offset is 104964...
Debug|Encoding resource 21...
Trace|Writing image in Raw mode
Trace|Transparency image...
Trace|Writing image header...
Trace|Width: 126, Height: 13, RowLength: 378
Trace|BPP: 24, PaletteColors: 0, Transaparency: 0
Trace|Resource 22 offset is 109894...
Debug|Encoding resource 22...
Trace|Writing image in Raw mode
Trace|Transparency image...
Trace|Writing image header...
Trace|Width: 126, Height: 13, RowLength: 378
Trace|BPP: 24, PaletteColors: 0, Transaparency: 0
Trace|Resource 23 offset is 114824...
Debug|Encoding resource 23...
Trace|Writing image in Raw mode
Trace|Transparency image...
Trace|Writing image header...
Trace|Width: 126, Height: 13, RowLength: 378
Trace|BPP: 24, PaletteColors: 0, Transaparency: 0
Trace|Resource 24 offset is 119754...
Debug|Encoding resource 24...
Trace|Writing image in Raw mode
Trace|Transparency image...
Trace|Writing image header...
Trace|Width: 126, Height: 13, RowLength: 378
Trace|BPP: 24, PaletteColors: 0, Transaparency: 0
Trace|Resource 25 offset is 124684...
Debug|Encoding resource 25...
Trace|Writing image in Raw mode
Trace|Transparency image...
Trace|Writing image header...
Trace|Width: 126, Height: 13, RowLength: 378
Trace|BPP: 24, PaletteColors: 0, Transaparency: 0
Trace|Resource 26 offset is 129614...
Debug|Encoding resource 26...
Trace|Writing image in Raw mode
Trace|Transparency image...
Trace|Writing image header...
Trace|Width: 126, Height: 13, RowLength: 378
Trace|BPP: 24, PaletteColors: 0, Transaparency: 0
Trace|Resource 27 offset is 134544...
Debug|Encoding resource 27...
Trace|Writing image in Raw mode
Trace|Transparency image...
Trace|Writing image header...
Trace|Width: 126, Height: 13, RowLength: 378
Trace|BPP: 24, PaletteColors: 0, Transaparency: 0
Trace|Resource 28 offset is 139474...
Debug|Encoding resource 28...
Trace|Writing image in Raw mode
Trace|Transparency image...
Trace|Writing image header...
Trace|Width: 12, Height: 12, RowLength: 36
Trace|BPP: 24, PaletteColors: 0, Transaparency: 0
Trace|Resource 29 offset is 139922...
Debug|Encoding resource 29...
Trace|Writing image in Raw mode
Trace|Transparency image...
Trace|Writing image header...
Trace|Width: 12, Height: 12, RowLength: 36
Trace|BPP: 24, PaletteColors: 0, Transaparency: 0
Trace|Resource 30 offset is 140370...
Debug|Encoding resource 30...
Trace|Writing image in Raw mode
Trace|Transparency image...
Trace|Writing image header...
Trace|Width: 12, Height: 12, RowLength: 36
Trace|BPP: 24, PaletteColors: 0, Transaparency: 0
Trace|Resource 31 offset is 140818...
Debug|Encoding resource 31...
Trace|Writing image in Raw mode
Trace|Transparency image...
Trace|Writing image header...
Trace|Width: 8, Height: 12, RowLength: 24
Trace|BPP: 24, PaletteColors: 0, Transaparency: 0
Trace|Resource 32 offset is 141122...
Debug|Encoding resource 32...
Trace|Writing image in Raw mode
Trace|Transparency image...
Trace|Writing image header...
Trace|Width: 8, Height: 12, RowLength: 24
Trace|BPP: 24, PaletteColors: 0, Transaparency: 0
Trace|Resource 33 offset is 141426...
Debug|Encoding resource 33...
Trace|Writing image in Raw mode
Trace|Transparency image...
Trace|Writing image header...
Trace|Width: 8, Height: 12, RowLength: 24
Trace|BPP: 24, PaletteColors: 0, Transaparency: 0
Trace|Resource 34 offset is 141730...
Debug|Encoding resource 34...
Trace|Writing image in Raw mode
Trace|Transparency image...
Trace|Writing image header...
Trace|Width: 8, Height: 12, RowLength: 24
Trace|BPP: 24, PaletteColors: 0, Transaparency: 0
Trace|Resource 35 offset is 142034...
Debug|Encoding resource 35...
Trace|Writing image in Raw mode
Trace|Transparency image...
Trace|Writing image header...
Trace|Width: 8, Height: 12, RowLength: 24
Trace|BPP: 24, PaletteColors: 0, Transaparency: 0
Trace|Resource 36 offset is 142338...
Debug|Encoding resource 36...
Trace|Writing image in Raw mode
Trace|Transparency image...
Trace|Writing image header...
Trace|Width: 8, Height: 12, RowLength: 24
Trace|BPP: 24, PaletteColors: 0, Transaparency: 0
Trace|Resource 37 offset is 142642...
Debug|Encoding resource 37...
Trace|Writing image in Raw mode
Trace|Transparency image...
Trace|Writing image header...
Trace|Width: 8, Height: 12, RowLength: 24
Trace|BPP: 24, PaletteColors: 0, Transaparency: 0
Trace|Resource 38 offset is 142946...
Debug|Encoding resource 38...
Trace|Writing image in Raw mode
Trace|Transparency image...
Trace|Writing image header...
Trace|Width: 8, Height: 12, RowLength: 24
Trace|BPP: 24, PaletteColors: 0, Transaparency: 0
Trace|Resource 39 offset is 143250...
Debug|Encoding resource 39...
Trace|Writing image in Raw mode
Trace|Transparency image...
Trace|Writing image header...
Trace|Width: 8, Height: 12, RowLength: 24
Trace|BPP: 24, PaletteColors: 0, Transaparency: 0
Trace|Resource 40 offset is 143554...
Debug|Encoding resource 40...
Trace|Writing image in Raw mode
Trace|Transparency image...
Trace|Writing image header...
Trace|Width: 8, Height: 12, RowLength: 24
Trace|BPP: 24, PaletteColors: 0, Transaparency: 0
Trace|Resource 41 offset is 143858...
Debug|Encoding resource 41...
Trace|Writing image in Raw mode
Trace|Transparency image...
Trace|Writing image header...
Trace|Width: 10, Height: 12, RowLength: 30
Trace|BPP: 24, PaletteColors: 0, Transaparency: 0
Trace|Resource 42 offset is 144234...
Debug|Encoding resource 42...
Trace|Writing image in Raw mode
Trace|Transparency image...
Trace|Writing image header...
Trace|Width: 20, Height: 12, RowLength: 60
Trace|BPP: 24, PaletteColors: 0, Transaparency: 0
Trace|Resource 43 offset is 144970...
Debug|Encoding resource 43...
Trace|Writing image in Raw mode
Trace|Transparency image...
Trace|Writing image header...
Trace|Width: 20, Height: 12, RowLength: 60
Trace|BPP: 24, PaletteColors: 0, Transaparency: 0
Trace|Resource 44 offset is 145706...
Debug|Encoding resource 44...
Trace|Writing image in Raw mode
Trace|Transparency image...
Trace|Writing image header...
Trace|Width: 20, Height: 12, RowLength: 60
Trace|BPP: 24, PaletteColors: 0, Transaparency: 0
Trace|Resource 45 offset is 146442...
Debug|Encoding resource 45...
Trace|Writing image in Raw mode
Trace|Transparency image...
Trace|Writing image header...
Trace|Width: 20, Height: 12, RowLength: 60
Trace|BPP: 24, PaletteColors: 0, Transaparency: 0
Trace|Resource 46 offset is 147178...
Debug|Encoding resource 46...
Trace|Writing image in Raw mode
Trace|Transparency image...
Trace|Writing image header...
Trace|Width: 20, Height: 12, RowLength: 60
Trace|BPP: 24, PaletteColors: 0, Transaparency: 0
Trace|Resource 47 offset is 147914...
Debug|Encoding resource 47...
Trace|Writing image in Raw mode
Trace|Transparency image...
Trace|Writing image header...
Trace|Width: 20, Height: 12, RowLength: 60
Trace|BPP: 24, PaletteColors: 0, Transaparency: 0
Trace|Resource 48 offset is 148650...
Debug|Encoding resource 48...
Trace|Writing image in Raw mode
Trace|Transparency image...
Trace|Writing image header...
Trace|Width: 20, Height: 12, RowLength: 60
Trace|BPP: 24, PaletteColors: 0, Transaparency: 0
Trace|Resource 49 offset is 149386...
Debug|Encoding resource 49...
Trace|Writing image in Raw mode
Trace|Transparency image...
Trace|Writing image header...
Trace|Width: 20, Height: 12, RowLength: 60
Trace|BPP: 24, PaletteColors: 0, Transaparency: 0
Trace|Resource 50 offset is 150122...
Debug|Encoding resource 50...
Trace|Writing image in Raw mode
Trace|Transparency image...
Trace|Writing image header...
Trace|Width: 20, Height: 12, RowLength: 60
Trace|BPP: 24, PaletteColors: 0, Transaparency: 0
Trace|Resource 51 offset is 150858...
Debug|Encoding resource 51...
Trace|Writing image in Raw mode
Trace|Transparency image...
Trace|Writing image header...
Trace|Width: 20, Height: 12, RowLength: 60
Trace|BPP: 24, PaletteColors: 0, Transaparency: 0
Trace|Resource 52 offset is 151594...
Debug|Encoding resource 52...
Trace|Writing image in Raw mode
Trace|Transparency image...
Trace|Writing image header...
Trace|Width: 17, Height: 14, RowLength: 51
Trace|BPP: 24, PaletteColors: 0, Transaparency: 0
Trace|Resource 53 offset is 152324...
Debug|Encoding resource 53...
Trace|Writing image in Raw mode
Trace|No Transparency image...
Trace|Writing image header...
Trace|Width: 128, Height: 112, RowLength: 256
Trace|BPP: 16, PaletteColors: 0, Transaparency: 0
Trace|Writing image...
Trace|Resource 54 offset is 181012...
Debug|Encoding resource 54...
Trace|Writing image in Raw mode
Trace|No Transparency image...
Trace|Writing image header...
Trace|Width: 128, Height: 112, RowLength: 256
Trace|BPP: 16, PaletteColors: 0, Transaparency: 0
Trace|Writing image...
Trace|Resource 55 offset is 209700...
Debug|Encoding resource 55...
Trace|Writing image in Raw mode
Trace|No Transparency image...
Trace|Writing image header...
Trace|Width: 128, Height: 112, RowLength: 256
Trace|BPP: 16, PaletteColors: 0, Transaparency: 0
Trace|Writing image...
Trace|Resource 56 offset is 238388...
Debug|Encoding resource 56...
Trace|Writing image in Raw mode
Trace|No Transparency image...
Trace|Writing image header...
Trace|Width: 128, Height: 112, RowLength: 256
Trace|BPP: 16, PaletteColors: 0, Transaparency: 0
Trace|Writing image...
Trace|Resource 57 offset is 267076...
Debug|Encoding resource 57...
Trace|Writing image in Raw mode
Trace|No Transparency image...
Trace|Writing image header...
Trace|Width: 128, Height: 112, RowLength: 256
Trace|BPP: 16, PaletteColors: 0, Transaparency: 0
Trace|Writing image...
Trace|Resource 58 offset is 295764...
Debug|Encoding resource 58...
Trace|Writing image in Raw mode
Trace|No Transparency image...
Trace|Writing image header...
Trace|Width: 128, Height: 112, RowLength: 256
Trace|BPP: 16, PaletteColors: 0, Transaparency: 0
Trace|Writing image...
Trace|Resource 59 offset is 324452...
Debug|Encoding resource 59...
Trace|Writing image in Raw mode
Trace|No Transparency image...
Trace|Writing image header...
Trace|Width: 128, Height: 112, RowLength: 256
Trace|BPP: 16, PaletteColors: 0, Transaparency: 0
Trace|Writing image...
Trace|Resource 60 offset is 353140...
Debug|Encoding resource 60...
Trace|Writing image in Raw mode
Trace|No Transparency image...
Trace|Writing image header...
Trace|Width: 128, Height: 112, RowLength: 256
Trace|BPP: 16, PaletteColors: 0, Transaparency: 0
Trace|Writing image...
Trace|Resource 61 offset is 381828...
Debug|Encoding resource 61...
Trace|Writing image in Raw mode
Trace|No Transparency image...
Trace|Writing image header...
Trace|Width: 128, Height: 112, RowLength: 256
Trace|BPP: 16, PaletteColors: 0, Transaparency: 0
Trace|Writing image...
Trace|Resource 62 offset is 410516...
Debug|Encoding resource 62...
Trace|Writing image in Raw mode
Trace|No Transparency image...
Trace|Writing image header...
Trace|Width: 128, Height: 112, RowLength: 256
Trace|BPP: 16, PaletteColors: 0, Transaparency: 0
Trace|Writing image...
Trace|Resource 63 offset is 439204...
Debug|Encoding resource 63...
Trace|Writing image in Raw mode
Trace|No Transparency image...
Trace|Writing image header...
Trace|Width: 128, Height: 112, RowLength: 256
Trace|BPP: 16, PaletteColors: 0, Transaparency: 0
Trace|Writing image...
Trace|Resource 64 offset is 467892...
Debug|Encoding resource 64...
Trace|Writing image in Raw mode
Trace|No Transparency image...
Trace|Writing image header...
Trace|Width: 128, Height: 112, RowLength: 256
Trace|BPP: 16, PaletteColors: 0, Transaparency: 0
Trace|Writing image...
Trace|Resource 65 offset is 496580...
Debug|Encoding resource 65...
Trace|Writing image in Raw mode
Trace|No Transparency image...
Trace|Writing image header...
Trace|Width: 128, Height: 112, RowLength: 256
Trace|BPP: 16, PaletteColors: 0, Transaparency: 0
Trace|Writing image...
Trace|Resource 66 offset is 525268...
Debug|Encoding resource 66...
Trace|Writing image in Raw mode
Trace|No Transparency image...
Trace|Writing image header...
Trace|Width: 128, Height: 112, RowLength: 256
Trace|BPP: 16, PaletteColors: 0, Transaparency: 0
Trace|Writing image...
Trace|Resource 67 offset is 553956...
Debug|Encoding resource 67...
Trace|Writing image in Raw mode
Trace|No Transparency image...
Trace|Writing image header...
Trace|Width: 126, Height: 294, RowLength: 252
Trace|BPP: 16, PaletteColors: 0, Transaparency: 0
Trace|Writing image...
Trace|Writing resources offsets table
Debug|Writing resources
