Debug|Reading config...
Debug|Reading referenced images from 'C:\Users\RTX\Downloads\MiBandWFTool_2.1.6\mi-band5-trollface-main'
Trace|Loading resources for 2 'Background'
Trace|Loading resources for 2.1 'ImageBasic'
Trace|Loading image 0...
Trace|Image was loaded from file C:\Users\RTX\Downloads\MiBandWFTool_2.1.6\mi-band5-trollface-main\0000.png
Trace|Loading resources for 2.3 'ImageBasic'
Trace|Loading image 61...
Trace|Image was loaded from file C:\Users\RTX\Downloads\MiBandWFTool_2.1.6\mi-band5-trollface-main\0061.png
Trace|Loading resources for 3 'Time'
Trace|Loading resources for 3.1 'TwoDigits'
Trace|Loading resources for 3.1.1 'ImageSet'
Trace|Loading image 1...
Trace|Image was loaded from file C:\Users\RTX\Downloads\MiBandWFTool_2.1.6\mi-band5-trollface-main\0001.png
Trace|Loading image 2...
Trace|Image was loaded from file C:\Users\RTX\Downloads\MiBandWFTool_2.1.6\mi-band5-trollface-main\0002.png
Trace|Loading image 3...
Trace|Image was loaded from file C:\Users\RTX\Downloads\MiBandWFTool_2.1.6\mi-band5-trollface-main\0003.png
Trace|Loading image 4...
Trace|Image was loaded from file C:\Users\RTX\Downloads\MiBandWFTool_2.1.6\mi-band5-trollface-main\0004.png
Trace|Loading image 5...
Trace|Image was loaded from file C:\Users\RTX\Downloads\MiBandWFTool_2.1.6\mi-band5-trollface-main\0005.png
Trace|Loading image 6...
Trace|Image was loaded from file C:\Users\RTX\Downloads\MiBandWFTool_2.1.6\mi-band5-trollface-main\0006.png
Trace|Loading image 7...
Trace|Image was loaded from file C:\Users\RTX\Downloads\MiBandWFTool_2.1.6\mi-band5-trollface-main\0007.png
Trace|Loading image 8...
Trace|Image was loaded from file C:\Users\RTX\Downloads\MiBandWFTool_2.1.6\mi-band5-trollface-main\0008.png
Trace|Loading image 9...
Trace|Image was loaded from file C:\Users\RTX\Downloads\MiBandWFTool_2.1.6\mi-band5-trollface-main\0009.png
Trace|Loading image 10...
Trace|Image was loaded from file C:\Users\RTX\Downloads\MiBandWFTool_2.1.6\mi-band5-trollface-main\0010.png
Trace|Loading resources for 3.1.2 'ImageSet'
Trace|Loading resources for 3.2 'TwoDigits'
Trace|Loading resources for 3.2.1 'ImageSet'
Trace|Loading resources for 3.2.2 'ImageSet'
Trace|Loading resources for 4 'Activity'
Trace|Loading resources for 4.1 'Steps'
Trace|Loading resources for 4.1.1 'Number'
Trace|Loading resources for 4.1.1.5 'TextAlignment'
Trace|Loading image 31...
Trace|Image was loaded from file C:\Users\RTX\Downloads\MiBandWFTool_2.1.6\mi-band5-trollface-main\0031.png
Trace|Loading image 32...
Trace|Image was loaded from file C:\Users\RTX\Downloads\MiBandWFTool_2.1.6\mi-band5-trollface-main\0032.png
Trace|Loading image 33...
Trace|Image was loaded from file C:\Users\RTX\Downloads\MiBandWFTool_2.1.6\mi-band5-trollface-main\0033.png
Trace|Loading image 34...
Trace|Image was loaded from file C:\Users\RTX\Downloads\MiBandWFTool_2.1.6\mi-band5-trollface-main\0034.png
Trace|Loading image 35...
Trace|Image was loaded from file C:\Users\RTX\Downloads\MiBandWFTool_2.1.6\mi-band5-trollface-main\0035.png
Trace|Loading image 36...
Trace|Image was loaded from file C:\Users\RTX\Downloads\MiBandWFTool_2.1.6\mi-band5-trollface-main\0036.png
Trace|Loading image 37...
Trace|Image was loaded from file C:\Users\RTX\Downloads\MiBandWFTool_2.1.6\mi-band5-trollface-main\0037.png
Trace|Loading image 38...
Trace|Image was loaded from file C:\Users\RTX\Downloads\MiBandWFTool_2.1.6\mi-band5-trollface-main\0038.png
Trace|Loading image 39...
Trace|Image was loaded from file C:\Users\RTX\Downloads\MiBandWFTool_2.1.6\mi-band5-trollface-main\0039.png
Trace|Loading image 40...
Trace|Image was loaded from file C:\Users\RTX\Downloads\MiBandWFTool_2.1.6\mi-band5-trollface-main\0040.png
Trace|Loading image 52...
Trace|Image was loaded from file C:\Users\RTX\Downloads\MiBandWFTool_2.1.6\mi-band5-trollface-main\0052.png
Trace|Loading resources for 4.4 'PulseWrapper'
Trace|Loading resources for 4.4.1 'Number'
Trace|Loading resources for 4.4.1.5 'TextAlignment'
Trace|Loading image 60...
Trace|Image was loaded from file C:\Users\RTX\Downloads\MiBandWFTool_2.1.6\mi-band5-trollface-main\0060.png
Trace|Loading resources for 5 'Date'
Trace|Loading resources for 5.1 'MonthAndDayAndYear'
Trace|Loading resources for 5.1.1 'SeparateMonthAndDay'
Trace|Loading resources for 5.1.1.1 'Number'
Trace|Loading resources for 5.1.1.1.5 'TextAlignment'
Trace|Loading image 11...
Trace|Image was loaded from file C:\Users\RTX\Downloads\MiBandWFTool_2.1.6\mi-band5-trollface-main\0011.png
Trace|Loading image 12...
Trace|Image was loaded from file C:\Users\RTX\Downloads\MiBandWFTool_2.1.6\mi-band5-trollface-main\0012.png
Trace|Loading image 13...
Trace|Image was loaded from file C:\Users\RTX\Downloads\MiBandWFTool_2.1.6\mi-band5-trollface-main\0013.png
Trace|Loading image 14...
Trace|Image was loaded from file C:\Users\RTX\Downloads\MiBandWFTool_2.1.6\mi-band5-trollface-main\0014.png
Trace|Loading image 15...
Trace|Image was loaded from file C:\Users\RTX\Downloads\MiBandWFTool_2.1.6\mi-band5-trollface-main\0015.png
Trace|Loading image 16...
Trace|Image was loaded from file C:\Users\RTX\Downloads\MiBandWFTool_2.1.6\mi-band5-trollface-main\0016.png
Trace|Loading image 17...
Trace|Image was loaded from file C:\Users\RTX\Downloads\MiBandWFTool_2.1.6\mi-band5-trollface-main\0017.png
Trace|Loading image 18...
Trace|Image was loaded from file C:\Users\RTX\Downloads\MiBandWFTool_2.1.6\mi-band5-trollface-main\0018.png
Trace|Loading image 19...
Trace|Image was loaded from file C:\Users\RTX\Downloads\MiBandWFTool_2.1.6\mi-band5-trollface-main\0019.png
Trace|Loading image 20...
Trace|Image was loaded from file C:\Users\RTX\Downloads\MiBandWFTool_2.1.6\mi-band5-trollface-main\0020.png
Trace|Loading resources for 5.1.1.4 'Number'
Trace|Loading resources for 5.1.1.4.5 'TextAlignment'
Trace|Loading resources for 5.1.4 'Boolean'
Trace|Loading resources for 5.1.5 'Boolean'
Trace|Loading resources for 5.4 'ImageSet'
Trace|Loading image 21...
Trace|Image was loaded from file C:\Users\RTX\Downloads\MiBandWFTool_2.1.6\mi-band5-trollface-main\0021.png
Trace|Loading image 22...
Trace|Image was loaded from file C:\Users\RTX\Downloads\MiBandWFTool_2.1.6\mi-band5-trollface-main\0022.png
Trace|Loading image 23...
Trace|Image was loaded from file C:\Users\RTX\Downloads\MiBandWFTool_2.1.6\mi-band5-trollface-main\0023.png
Trace|Loading image 24...
Trace|Image was loaded from file C:\Users\RTX\Downloads\MiBandWFTool_2.1.6\mi-band5-trollface-main\0024.png
Trace|Loading image 25...
Trace|Image was loaded from file C:\Users\RTX\Downloads\MiBandWFTool_2.1.6\mi-band5-trollface-main\0025.png
Trace|Loading image 26...
Trace|Image was loaded from file C:\Users\RTX\Downloads\MiBandWFTool_2.1.6\mi-band5-trollface-main\0026.png
Trace|Loading image 27...
Trace|Image was loaded from file C:\Users\RTX\Downloads\MiBandWFTool_2.1.6\mi-band5-trollface-main\0027.png
Trace|Loading resources for 9 'Battery'
Trace|Loading resources for 9.1 'BatteryTextWrapper'
Trace|Loading resources for 9.1.1 'Number'
Trace|Loading resources for 9.1.1.5 'TextAlignment'
Trace|Loading image 41...
Trace|Image was loaded from file C:\Users\RTX\Downloads\MiBandWFTool_2.1.6\mi-band5-trollface-main\0041.png
Trace|Loading resources for 9.2 'ImageSet'
Trace|Loading image 42...
Trace|Image was loaded from file C:\Users\RTX\Downloads\MiBandWFTool_2.1.6\mi-band5-trollface-main\0042.png
Trace|Loading image 43...
Trace|Image was loaded from file C:\Users\RTX\Downloads\MiBandWFTool_2.1.6\mi-band5-trollface-main\0043.png
Trace|Loading image 44...
Trace|Image was loaded from file C:\Users\RTX\Downloads\MiBandWFTool_2.1.6\mi-band5-trollface-main\0044.png
Trace|Loading image 45...
Trace|Image was loaded from file C:\Users\RTX\Downloads\MiBandWFTool_2.1.6\mi-band5-trollface-main\0045.png
Trace|Loading image 46...
Trace|Image was loaded from file C:\Users\RTX\Downloads\MiBandWFTool_2.1.6\mi-band5-trollface-main\0046.png
Trace|Loading image 47...
Trace|Image was loaded from file C:\Users\RTX\Downloads\MiBandWFTool_2.1.6\mi-band5-trollface-main\0047.png
Trace|Loading image 48...
Trace|Image was loaded from file C:\Users\RTX\Downloads\MiBandWFTool_2.1.6\mi-band5-trollface-main\0048.png
Trace|Loading image 49...
Trace|Image was loaded from file C:\Users\RTX\Downloads\MiBandWFTool_2.1.6\mi-band5-trollface-main\0049.png
Trace|Loading image 50...
Trace|Image was loaded from file C:\Users\RTX\Downloads\MiBandWFTool_2.1.6\mi-band5-trollface-main\0050.png
Trace|Loading image 51...
Trace|Image was loaded from file C:\Users\RTX\Downloads\MiBandWFTool_2.1.6\mi-band5-trollface-main\0051.png
Trace|Loading resources for 11 'Other'
Trace|Loading resources for 11.1 'Animation'
Trace|Loading resources for 11.1.1 'ImageSet'
Trace|Loading image 53...
Trace|Image was loaded from file C:\Users\RTX\Downloads\MiBandWFTool_2.1.6\mi-band5-trollface-main\0053.png
Trace|Loading image 54...
Trace|Image was loaded from file C:\Users\RTX\Downloads\MiBandWFTool_2.1.6\mi-band5-trollface-main\0054.png
Trace|Loading image 55...
Trace|Image was loaded from file C:\Users\RTX\Downloads\MiBandWFTool_2.1.6\mi-band5-trollface-main\0055.png
Trace|Loading image 56...
Trace|Image was loaded from file C:\Users\RTX\Downloads\MiBandWFTool_2.1.6\mi-band5-trollface-main\0056.png
Trace|Loading image 57...
Trace|Image was loaded from file C:\Users\RTX\Downloads\MiBandWFTool_2.1.6\mi-band5-trollface-main\0057.png
Trace|Loading image 58...
Trace|Image was loaded from file C:\Users\RTX\Downloads\MiBandWFTool_2.1.6\mi-band5-trollface-main\0058.png
Trace|Loading image 59...
Trace|Image was loaded from file C:\Users\RTX\Downloads\MiBandWFTool_2.1.6\mi-band5-trollface-main\0059.png
Trace|Loading resources for 20 'StatusSimple'
Trace|Loading resources for 20.1 'StatusSimpleSpecial'
Trace|Loading resources for 20.1.1 'StatusNumber'
Trace|Loading resources for 20.1.1.3 'TextAlignment'
Trace|Loading image 29...
Trace|Image was loaded from file C:\Users\RTX\Downloads\MiBandWFTool_2.1.6\mi-band5-trollface-main\0029.png
Trace|Loading resources for 20.2 'StatusSimpleSpecial'
Trace|Loading resources for 20.2.1 'StatusNumber'
Trace|Loading resources for 20.2.1.3 'TextAlignment'
Trace|Loading image 30...
Trace|Image was loaded from file C:\Users\RTX\Downloads\MiBandWFTool_2.1.6\mi-band5-trollface-main\0030.png
Trace|Loading resources for 20.3 'StatusSimpleSpecial'
Trace|Loading resources for 20.3.1 'StatusNumber'
Trace|Loading resources for 20.3.1.3 'TextAlignment'
Trace|Loading image 28...
Trace|Image was loaded from file C:\Users\RTX\Downloads\MiBandWFTool_2.1.6\mi-band5-trollface-main\0028.png
Trace|Verifiying Resources...
Error|[ERROR] Image 53 DPI is not 96, please fix this image!
Fatal|Resources.InvalidResourceException: [ERROR] ImageIndex 53 DPI is not 96, please fix this image!
   at WatchFace.Parser.Utils.ResourcesLoader.verifyResources(WatchFace watchFace)
   at FBdrVENTOSQNAwAAQU.BV9w4uUq25cVnqdLQO.b55sPkhyddc3KsbG9v(Object , Object )
   at FBdrVENTOSQNAwAAQU.BV9w4uUq25cVnqdLQO.cWJNCImIK(String  , String  , String  , WatchFace  )
Fatal|System.IO.FileNotFoundException: Could not find file 'C:\Users\RTX\Downloads\MiBandWFTool_2.1.6\mi-band5-trollface-main\trollface_packed.bin'.
File name: 'C:\Users\RTX\Downloads\MiBandWFTool_2.1.6\mi-band5-trollface-main\trollface_packed.bin'
   at System.IO.__Error.WinIOError(Int32 errorCode, String maybeFullPath)
   at System.IO.FileInfo.get_Length()
   at FBdrVENTOSQNAwAAQU.BV9w4uUq25cVnqdLQO.n86OvnqTSZ0XAlvJyu(Object )
   at FBdrVENTOSQNAwAAQU.BV9w4uUq25cVnqdLQO.oSeohcXKw(String  )
   at FBdrVENTOSQNAwAAQU.BV9w4uUq25cVnqdLQO.J3lOPWa16aK5SHgjpf(Object )
   at FBdrVENTOSQNAwAAQU.BV9w4uUq25cVnqdLQO.F4U4xmNtm(String[]  )
